# JRE version: OpenJDK Runtime Environment (11.0.10) (build 11.0.10+0-b96-7249189)
# Java VM: OpenJDK 64-Bit Server VM (11.0.10+0-b96-7249189, mixed mode, tiered, compressed oops, g1 gc, windows-amd64)
Heap:
 garbage-first heap   total 448512K, used 215903K [0x0000000080000000, 0x0000000100000000)
  region size 1024K, 57 young (58368K), 3 survivors (3072K)
 Metaspace       used 162976K, capacity 168151K, committed 168408K, reserved 1196032K
  class space    used 19892K, capacity 21682K, committed 21760K, reserved 1048576K
GC Heap History (20 events):
Event: 5372.471 GC heap before
{Heap before GC invocations=170 (full 0):
 garbage-first heap   total 448512K, used 243087K [0x0000000080000000, 0x0000000100000000)
  region size 1024K, 82 young (83968K), 2 survivors (2048K)
 Metaspace       used 162114K, capacity 167207K, committed 167384K, reserved 1196032K
  class space    used 19848K, capacity 21633K, committed 21760K, reserved 1048576K
}
Event: 5372.500 GC heap after
{Heap after GC invocations=171 (full 0):
 garbage-first heap   total 448512K, used 169695K [0x0000000080000000, 0x0000000100000000)
  region size 1024K, 9 young (9216K), 9 survivors (9216K)
 Metaspace       used 162114K, capacity 167207K, committed 167384K, reserved 1196032K
  class space    used 19848K, capacity 21633K, committed 21760K, reserved 1048576K
}
Event: 5377.892 GC heap before
{Heap before GC invocations=172 (full 0):
 garbage-first heap   total 448512K, used 376543K [0x0000000080000000, 0x0000000100000000)
  region size 1024K, 187 young (191488K), 9 survivors (9216K)
 Metaspace       used 162393K, capacity 167455K, committed 167640K, reserved 1196032K
  class space    used 19851K, capacity 21621K, committed 21760K, reserved 1048576K
}
Event: 5377.982 GC heap after
{Heap after GC invocations=173 (full 0):
 garbage-first heap   total 448512K, used 202115K [0x0000000080000000, 0x0000000100000000)
  region size 1024K, 24 young (24576K), 24 survivors (24576K)
 Metaspace       used 162393K, capacity 167455K, committed 167640K, reserved 1196032K
  class space    used 19851K, capacity 21621K, committed 21760K, reserved 1048576K
}
Event: 5377.985 GC heap before
{Heap before GC invocations=173 (full 0):
 garbage-first heap   total 448512K, used 203139K [0x0000000080000000, 0x0000000100000000)
  region size 1024K, 25 young (25600K), 24 survivors (24576K)
 Metaspace       used 162393K, capacity 167455K, committed 167640K, reserved 1196032K
  class space    used 19851K, capacity 21621K, committed 21760K, reserved 1048576K
}
Event: 5378.060 GC heap after
{Heap after GC invocations=174 (full 0):
 garbage-first heap   total 448512K, used 188928K [0x0000000080000000, 0x0000000100000000)
  region size 1024K, 2 young (2048K), 2 survivors (2048K)
 Metaspace       used 162393K, capacity 167455K, committed 167640K, reserved 1196032K
  class space    used 19851K, capacity 21621K, committed 21760K, reserved 1048576K
}
Event: 5396.742 GC heap before
{Heap before GC invocations=174 (full 0):
 garbage-first heap   total 448512K, used 350720K [0x0000000080000000, 0x0000000100000000)
  region size 1024K, 161 young (164864K), 2 survivors (2048K)
 Metaspace       used 162704K, capacity 167903K, committed 168152K, reserved 1196032K
  class space    used 19876K, capacity 21658K, committed 21760K, reserved 1048576K
}
Event: 5396.784 GC heap after
{Heap after GC invocations=175 (full 0):
 garbage-first heap   total 448512K, used 201218K [0x0000000080000000, 0x0000000100000000)
  region size 1024K, 14 young (14336K), 14 survivors (14336K)
 Metaspace       used 162704K, capacity 167903K, committed 168152K, reserved 1196032K
  class space    used 19876K, capacity 21658K, committed 21760K, reserved 1048576K
}
Event: 5398.916 GC heap before
{Heap before GC invocations=176 (full 0):
 garbage-first heap   total 448512K, used 355842K [0x0000000080000000, 0x0000000100000000)
  region size 1024K, 164 young (167936K), 14 survivors (14336K)
 Metaspace       used 162760K, capacity 167911K, committed 168152K, reserved 1196032K
  class space    used 19876K, capacity 21659K, committed 21760K, reserved 1048576K
}
Event: 5398.932 GC heap after
{Heap after GC invocations=177 (full 0):
 garbage-first heap   total 448512K, used 178519K [0x0000000080000000, 0x0000000100000000)
  region size 1024K, 6 young (6144K), 6 survivors (6144K)
 Metaspace       used 162760K, capacity 167911K, committed 168152K, reserved 1196032K
  class space    used 19876K, capacity 21659K, committed 21760K, reserved 1048576K
}
Event: 5399.020 GC heap before
{Heap before GC invocations=177 (full 0):
 garbage-first heap   total 448512K, used 193879K [0x0000000080000000, 0x0000000100000000)
  region size 1024K, 21 young (21504K), 6 survivors (6144K)
 Metaspace       used 162778K, capacity 167975K, committed 168152K, reserved 1196032K
  class space    used 19876K, capacity 21659K, committed 21760K, reserved 1048576K
}
Event: 5399.051 GC heap after
{Heap after GC invocations=178 (full 0):
 garbage-first heap   total 448512K, used 159744K [0x0000000080000000, 0x0000000100000000)
  region size 1024K, 3 young (3072K), 3 survivors (3072K)
 Metaspace       used 162778K, capacity 167975K, committed 168152K, reserved 1196032K
  class space    used 19876K, capacity 21659K, committed 21760K, reserved 1048576K
}
Event: 5402.203 GC heap before
{Heap before GC invocations=178 (full 0):
 garbage-first heap   total 448512K, used 348160K [0x0000000080000000, 0x0000000100000000)
  region size 1024K, 188 young (192512K), 3 survivors (3072K)
 Metaspace       used 162959K, capacity 168150K, committed 168408K, reserved 1196032K
  class space    used 19892K, capacity 21682K, committed 21760K, reserved 1048576K
}
Event: 5402.226 GC heap after
{Heap after GC invocations=179 (full 0):
 garbage-first heap   total 448512K, used 165058K [0x0000000080000000, 0x0000000100000000)
  region size 1024K, 9 young (9216K), 9 survivors (9216K)
 Metaspace       used 162959K, capacity 168150K, committed 168408K, reserved 1196032K
  class space    used 19892K, capacity 21682K, committed 21760K, reserved 1048576K
}
Event: 5403.903 GC heap before
{Heap before GC invocations=180 (full 0):
 garbage-first heap   total 448512K, used 353474K [0x0000000080000000, 0x0000000100000000)
  region size 1024K, 194 young (198656K), 9 survivors (9216K)
 Metaspace       used 162967K, capacity 168151K, committed 168408K, reserved 1196032K
  class space    used 19892K, capacity 21682K, committed 21760K, reserved 1048576K
}
Event: 5403.919 GC heap after
{Heap after GC invocations=181 (full 0):
 garbage-first heap   total 448512K, used 166552K [0x0000000080000000, 0x0000000100000000)
  region size 1024K, 10 young (10240K), 10 survivors (10240K)
 Metaspace       used 162967K, capacity 168151K, committed 168408K, reserved 1196032K
  class space    used 19892K, capacity 21682K, committed 21760K, reserved 1048576K
}
Event: 5403.987 GC heap before
{Heap before GC invocations=181 (full 0):
 garbage-first heap   total 448512K, used 177816K [0x0000000080000000, 0x0000000100000000)
  region size 1024K, 21 young (21504K), 10 survivors (10240K)
 Metaspace       used 162967K, capacity 168151K, committed 168408K, reserved 1196032K
  class space    used 19892K, capacity 21682K, committed 21760K, reserved 1048576K
}
Event: 5404.012 GC heap after
{Heap after GC invocations=182 (full 0):
 garbage-first heap   total 448512K, used 157110K [0x0000000080000000, 0x0000000100000000)
  region size 1024K, 1 young (1024K), 1 survivors (1024K)
 Metaspace       used 162967K, capacity 168151K, committed 168408K, reserved 1196032K
  class space    used 19892K, capacity 21682K, committed 21760K, reserved 1048576K
}
Event: 5407.034 GC heap before
{Heap before GC invocations=182 (full 0):
 garbage-first heap   total 448512K, used 361910K [0x0000000080000000, 0x0000000100000000)
  region size 1024K, 201 young (205824K), 1 survivors (1024K)
 Metaspace       used 162971K, capacity 168151K, committed 168408K, reserved 1196032K
  class space    used 19892K, capacity 21682K, committed 21760K, reserved 1048576K
}
Event: 5407.066 GC heap after
{Heap after GC invocations=183 (full 0):
 garbage-first heap   total 448512K, used 158559K [0x0000000080000000, 0x0000000100000000)
  region size 1024K, 3 young (3072K), 3 survivors (3072K)
 Metaspace       used 162971K, capacity 168151K, committed 168408K, reserved 1196032K
  class space    used 19892K, capacity 21682K, committed 21760K, reserved 1048576K
}

